1775576579|cdeb0a55-e831-4ca6-a77f-39d38683f1d0|test/topic|Test
1775576914|0b446ad1-8250-4fca-a671-41e35c2abcaf|test/topic|Test
1775582079|1374ab54-c862-4b63-9615-5b3872922bb3|test/topic|Test
1775582364|04e41e48-2934-4575-a881-4e54bb3086e9|test/topic|TestTest
1775582504|87c6199c-0c5f-49f6-be63-3e2eead6ab87|test/topic|TestTest
1775582566|e5d1e0fe-c50f-489f-89a7-a6d97ba75d60|test/topic|TestTest
1775582616|679cda4d-342a-4707-a92f-6f6aa65c1176|test/topic|TestTest
1775582661|caa8a58b-0160-4d9d-9ae1-c70bdfa1ea47|test/topic|TestTest
1775582686|47a6d6bb-6b90-485f-91c5-674778c791a4|test/topic|TestTest
1775583041|341178ce-8ceb-4170-933a-01e59c318011|test/topic|sdfkjsnfds
1775583293|8ee14d50-9da9-4e28-94b1-16f224f42c5e|test/topic|dflglfdg,
1775583331|204649af-b3a0-49dc-9fbd-6545712be640|test/topic|dflglfdg,
1775583380|8dcfa9f6-0875-478f-b7d7-729b408fb997|test/topic|dflglfewrr
1775583403|705b46fd-3c07-4c8e-890d-741eb29b9cc5|test/topic|1
1775584111|c8809982-fa95-46e6-9ba4-04ee933663dd|test/topic|mfds
1775584369|ec181807-2dec-4a10-b56a-d3c9572505fa|test/topic|mfds
1775584435|dea88d80-7514-49bc-979b-7f3f55c8fd25|test/topic|mfds
1775587813|22cbb19f-4906-4d93-8327-d27eb184ead1|test/topic|mfds
1775594419|25bfda48-8387-467b-aa19-9f53a70648b9|test/topic|Hello, subscribers
1775594441|409ef12a-1a0a-495c-be84-dcca286011d0|test/topic|Hello, subscriber from topic 1
1775594447|b8ec7f92-da70-4d3d-a680-304badf67ef8|test/topic2|Hello, subscriber from topic 2
